<?xml version="1.0" encoding="UTF-8"?>
<testng-results skipped="0" failed="0" total="1" passed="1">
  <reporter-output>
  </reporter-output>
  <suite name="Default suite" duration-ms="26850" started-at="2017-07-29T06:21:10Z" finished-at="2017-07-29T06:21:37Z">
    <groups>
    </groups>
    <test name="Default test" duration-ms="26850" started-at="2017-07-29T06:21:10Z" finished-at="2017-07-29T06:21:37Z">
      <class name="chinna_demo.chinna.AppTest">
        <test-method status="PASS" signature="main()[pri:0, instance:chinna_demo.chinna.AppTest@1caeb3e]" name="main" duration-ms="26830" started-at="2017-07-29T11:51:10Z" finished-at="2017-07-29T11:51:37Z">
          <reporter-output>
          </reporter-output>
        </test-method> <!-- main -->
      </class> <!-- chinna_demo.chinna.AppTest -->
    </test> <!-- Default test -->
  </suite> <!-- Default suite -->
</testng-results>
