<?xml version="1.0" encoding="UTF-8"?>
<testng-results skipped="0" failed="0" total="1" passed="1">
  <reporter-output>
  </reporter-output>
  <suite name="Default suite" duration-ms="18822" started-at="2017-09-27T16:00:43Z" finished-at="2017-09-27T16:01:02Z">
    <groups>
    </groups>
    <test name="Default test" duration-ms="18822" started-at="2017-09-27T16:00:43Z" finished-at="2017-09-27T16:01:02Z">
      <class name="chinna_demo.chinna.AppTest">
        <test-method status="PASS" signature="main()[pri:0, instance:chinna_demo.chinna.AppTest@4ed9f0]" name="main" duration-ms="18803" started-at="2017-09-27T21:30:43Z" finished-at="2017-09-27T21:31:02Z">
          <reporter-output>
          </reporter-output>
        </test-method> <!-- main -->
      </class> <!-- chinna_demo.chinna.AppTest -->
    </test> <!-- Default test -->
  </suite> <!-- Default suite -->
</testng-results>
